TN:
SF:src/gameboard.js
FN:4,gameBoard
FN:8,createBoard
FN:22,placeShips
FNF:3
FNH:3
FNDA:4,gameBoard
FNDA:4,createBoard
FNDA:1,placeShips
DA:1,1
DA:2,1
DA:3,1
DA:4,1
DA:5,4
DA:6,4
DA:7,1
DA:8,1
DA:9,4
DA:10,4
DA:11,4
DA:12,4
DA:13,4
DA:14,40
DA:15,40
DA:16,400
DA:17,400
DA:18,40
DA:19,4
DA:20,4
DA:21,1
DA:22,1
DA:23,1
DA:24,1
DA:25,1
DA:26,1
DA:27,1
DA:28,1
DA:29,1
DA:30,1
DA:31,1
DA:32,1
DA:33,1
DA:34,1
DA:35,1
DA:36,1
DA:37,1
DA:38,1
DA:39,1
DA:40,1
DA:41,1
DA:42,1
DA:43,1
DA:44,1
DA:45,1
DA:46,1
DA:47,1
DA:48,1
DA:49,1
DA:50,1
DA:51,1
DA:52,1
DA:53,1
DA:54,1
DA:55,1
LF:55
LH:55
BRDA:4,0,0,4
BRDA:8,1,0,4
BRDA:13,2,0,40
BRDA:15,3,0,400
BRDA:22,4,0,1
BRF:5
BRH:5
end_of_record
TN:
SF:src/ship.js
FN:2,Ship
FN:10,createShip
FN:15,shipWasHit
FN:22,shipWasSunk
FNF:4
FNH:2
FNDA:7,Ship
FNDA:0,createShip
FNDA:4,shipWasHit
FNDA:0,shipWasSunk
DA:1,1
DA:2,1
DA:3,7
DA:4,7
DA:5,7
DA:6,7
DA:7,7
DA:8,7
DA:9,1
DA:10,1
DA:11,0
DA:12,0
DA:13,0
DA:14,1
DA:15,1
DA:16,4
DA:17,4
DA:18,4
DA:19,4
DA:20,4
DA:21,1
DA:22,1
DA:23,0
DA:24,0
DA:25,0
DA:26,0
DA:27,0
DA:28,0
DA:29,0
DA:30,0
DA:31,1
DA:32,1
DA:33,1
DA:34,1
DA:35,1
DA:36,1
DA:37,1
LF:37
LH:26
BRDA:2,0,0,7
BRDA:15,1,0,4
BRF:2
BRH:2
end_of_record
